<?xml version="1.0" encoding="UTF-8"?>
<!-- Generated by org.testng.reporters.JUnitReportReporter -->
<testsuite hostname="HILP88" failures="0" tests="1" name="qaclickacademy.Mavenjava.WebApplication" time="0.007" errors="0" timestamp="2021-08-04T18:48:31 IST" skipped="0">
  <testcase classname="qaclickacademy.Mavenjava.WebApplication" name="Webtestcase2" time="0.007"/>
  <system-out/>
</testsuite> <!-- qaclickacademy.Mavenjava.WebApplication -->
