<?xml version="1.0" encoding="UTF-8"?>
<!-- Generated by org.testng.reporters.JUnitReportReporter -->
<testsuite hostname="HILP88" failures="0" tests="2" name="qaclickacademy.Mavenjava.MobileApplicationTest" time="0.009" errors="0" timestamp="2021-08-04T18:53:08 IST" skipped="0">
  <testcase classname="qaclickacademy.Mavenjava.MobileApplicationTest" name="Mobiletestcase1" time="0.008"/>
  <system-out/>
  <testcase classname="qaclickacademy.Mavenjava.MobileApplicationTest" name="Mobiletestcase2" time="0.001"/>
  <system-out/>
</testsuite> <!-- qaclickacademy.Mavenjava.MobileApplicationTest -->
